2025-09-29 10:18:20 [main] INFO  c.e.t.ThreadLearningApplicationTests - Starting ThreadLearningApplicationTests using Java 17.0.10 with PID 13063 (started by huangxiaohao in /Users/huangxiaohao/IdeaProjects/thread-learning)
2025-09-29 10:18:20 [main] INFO  c.e.t.ThreadLearningApplicationTests - No active profile set, falling back to 1 default profile: "default"
2025-09-29 10:18:20 [main] INFO  c.e.t.ThreadLearningApplicationTests - Started ThreadLearningApplicationTests in 0.61 seconds (process running for 1.079)
2025-09-29 10:32:37 [main] INFO  c.e.t.ThreadLearningApplication - Starting ThreadLearningApplication using Java 17.0.10 with PID 16714 (/Users/huangxiaohao/IdeaProjects/thread-learning/target/classes started by huangxiaohao in /Users/huangxiaohao/IdeaProjects/thread-learning)
2025-09-29 10:32:37 [main] INFO  c.e.t.ThreadLearningApplication - No active profile set, falling back to 1 default profile: "default"
2025-09-29 10:32:37 [main] INFO  o.s.boot.tomcat.TomcatWebServer - Tomcat initialized with port 8080 (http)
2025-09-29 10:32:37 [main] INFO  o.a.catalina.core.StandardService - Starting service [Tomcat]
2025-09-29 10:32:37 [main] INFO  o.a.catalina.core.StandardEngine - Starting Servlet engine: [Apache Tomcat/11.0.11]
2025-09-29 10:32:37 [main] INFO  o.s.b.w.c.s.WebApplicationContextInitializer - Root WebApplicationContext: initialization completed in 314 ms
2025-09-29 10:32:37 [main] INFO  o.s.boot.tomcat.TomcatWebServer - Tomcat started on port 8080 (http) with context path '/'
2025-09-29 10:32:37 [main] INFO  c.e.t.ThreadLearningApplication - Started ThreadLearningApplication in 0.731 seconds (process running for 1.006)
2025-09-29 10:44:33 [SpringApplicationShutdownHook] INFO  o.s.boot.tomcat.GracefulShutdown - Commencing graceful shutdown. Waiting for active requests to complete
2025-09-29 10:44:35 [tomcat-shutdown] INFO  o.s.boot.tomcat.GracefulShutdown - Graceful shutdown complete
2025-09-29 10:48:35 [main] INFO  c.e.t.ThreadLearningApplication - Starting ThreadLearningApplication using Java 17.0.10 with PID 19776 (/Users/huangxiaohao/IdeaProjects/thread-learning/target/classes started by huangxiaohao in /Users/huangxiaohao/IdeaProjects/thread-learning)
2025-09-29 10:48:35 [main] INFO  c.e.t.ThreadLearningApplication - No active profile set, falling back to 1 default profile: "default"
2025-09-29 10:48:36 [main] INFO  o.s.b.w.e.tomcat.TomcatWebServer - Tomcat initialized with port 8080 (http)
2025-09-29 10:48:36 [main] INFO  o.a.catalina.core.StandardService - Starting service [Tomcat]
2025-09-29 10:48:36 [main] INFO  o.a.catalina.core.StandardEngine - Starting Servlet engine: [Apache Tomcat/10.1.16]
2025-09-29 10:48:36 [main] INFO  o.a.c.c.C.[Tomcat].[localhost].[/] - Initializing Spring embedded WebApplicationContext
2025-09-29 10:48:36 [main] INFO  o.s.b.w.s.c.ServletWebServerApplicationContext - Root WebApplicationContext: initialization completed in 367 ms
2025-09-29 10:48:36 [main] INFO  o.s.b.w.e.tomcat.TomcatWebServer - Tomcat started on port 8080 (http) with context path ''
2025-09-29 10:48:36 [main] INFO  c.e.t.ThreadLearningApplication - Started ThreadLearningApplication in 0.945 seconds (process running for 1.211)
2025-09-29 10:55:46 [http-nio-8080-exec-1] INFO  o.a.c.c.C.[Tomcat].[localhost].[/] - Initializing Spring DispatcherServlet 'dispatcherServlet'
2025-09-29 10:55:46 [http-nio-8080-exec-1] INFO  o.s.web.servlet.DispatcherServlet - Initializing Servlet 'dispatcherServlet'
2025-09-29 10:55:46 [http-nio-8080-exec-1] INFO  o.s.web.servlet.DispatcherServlet - Completed initialization in 2 ms
2025-09-29 10:55:46 [http-nio-8080-exec-1] INFO  o.s.s.a.AnnotationAsyncExecutionInterceptor - More than one TaskExecutor bean found within the context, and none is named 'taskExecutor'. Mark one of them as primary or name it 'taskExecutor' (possibly as an alias) in order to use it for async processing: [customThreadPool, ioThreadPool]
2025-09-29 10:55:46 [SimpleAsyncTaskExecutor-1] INFO  c.e.t.service.AsyncService - 执行异步任务 - 线程名称: SimpleAsyncTaskExecutor-1
2025-09-29 10:55:48 [SimpleAsyncTaskExecutor-1] INFO  c.e.t.service.AsyncService - 异步任务执行完成 - 线程名称: SimpleAsyncTaskExecutor-1
2025-09-29 10:55:58 [CustomThread-1] INFO  c.e.t.service.AsyncService - 使用自定义线程池执行任务 - 线程名称: CustomThread-1
2025-09-29 10:56:01 [CustomThread-1] INFO  c.e.t.service.AsyncService - 自定义线程池任务执行完成 - 线程名称: CustomThread-1
2025-09-29 10:56:10 [IOThread-1] INFO  c.e.t.service.AsyncService - 使用IO线程池执行任务 - 线程名称: IOThread-1
2025-09-29 10:56:15 [IOThread-1] INFO  c.e.t.service.AsyncService - IO任务执行完成 - 线程名称: IOThread-1
2025-09-29 10:56:20 [IOThread-3] INFO  c.e.t.service.AsyncService - 使用IO线程池执行任务 - 线程名称: IOThread-3
2025-09-29 10:56:20 [IOThread-2] INFO  c.e.t.service.AsyncService - 使用IO线程池执行任务 - 线程名称: IOThread-2
2025-09-29 10:56:20 [CustomThread-2] INFO  c.e.t.service.AsyncService - 使用自定义线程池执行任务 - 线程名称: CustomThread-2
2025-09-29 10:56:20 [IOThread-4] INFO  c.e.t.service.AsyncService - 使用IO线程池执行任务 - 线程名称: IOThread-4
2025-09-29 10:56:20 [CustomThread-3] INFO  c.e.t.service.AsyncService - 使用自定义线程池执行任务 - 线程名称: CustomThread-3
2025-09-29 10:56:23 [CustomThread-2] INFO  c.e.t.service.AsyncService - 自定义线程池任务执行完成 - 线程名称: CustomThread-2
2025-09-29 10:56:23 [CustomThread-3] INFO  c.e.t.service.AsyncService - 自定义线程池任务执行完成 - 线程名称: CustomThread-3
2025-09-29 10:56:25 [IOThread-3] INFO  c.e.t.service.AsyncService - IO任务执行完成 - 线程名称: IOThread-3
2025-09-29 10:56:25 [IOThread-2] INFO  c.e.t.service.AsyncService - IO任务执行完成 - 线程名称: IOThread-2
2025-09-29 10:56:25 [IOThread-4] INFO  c.e.t.service.AsyncService - IO任务执行完成 - 线程名称: IOThread-4
2025-09-29 11:18:33 [main] INFO  c.e.t.ThreadLearningApplication - Starting ThreadLearningApplication using Java 17.0.10 with PID 24289 (/Users/huangxiaohao/IdeaProjects/thread-learning/target/classes started by huangxiaohao in /Users/huangxiaohao/IdeaProjects/thread-learning)
2025-09-29 11:18:33 [main] INFO  c.e.t.ThreadLearningApplication - No active profile set, falling back to 1 default profile: "default"
2025-09-29 11:18:33 [main] INFO  o.s.b.w.e.tomcat.TomcatWebServer - Tomcat initialized with port 8080 (http)
2025-09-29 11:18:33 [main] INFO  o.a.catalina.core.StandardService - Starting service [Tomcat]
2025-09-29 11:18:33 [main] INFO  o.a.catalina.core.StandardEngine - Starting Servlet engine: [Apache Tomcat/10.1.16]
2025-09-29 11:18:33 [main] INFO  o.a.c.c.C.[Tomcat].[localhost].[/] - Initializing Spring embedded WebApplicationContext
2025-09-29 11:18:33 [main] INFO  o.s.b.w.s.c.ServletWebServerApplicationContext - Root WebApplicationContext: initialization completed in 322 ms
2025-09-29 11:18:33 [main] INFO  o.s.b.w.e.tomcat.TomcatWebServer - Tomcat started on port 8080 (http) with context path ''
2025-09-29 11:18:33 [main] INFO  c.e.t.ThreadLearningApplication - Started ThreadLearningApplication in 0.696 seconds (process running for 0.942)
